Arguments: 
  C:\Program Files\nodejs\node.exe C:\Users\HR\AppData\Roaming\npm\node_modules\yarn\bin\yarn.js install

PATH: 
  C:\Program Files\Common Files\Oracle\Java\javapath;C:\Python310\Scripts\;C:\Python310\;C:\ProgramData\Anaconda3;C:\ProgramData\Anaconda3\Library\mingw-w64\bin;C:\ProgramData\Anaconda3\Library\usr\bin;C:\ProgramData\Anaconda3\Library\bin;C:\ProgramData\Anaconda3\Scripts;C:\Program Files (x86)\Intel\iCLS Client\;C:\Program Files\Intel\iCLS Client\;C:\WINDOWS\system32;C:\WINDOWS;C:\WINDOWS\System32\Wbem;C:\WINDOWS\System32\WindowsPowerShell\v1.0\;C:\Program Files (x86)\Intel\Intel(R) Management Engine Components\DAL;C:\Program Files\Intel\Intel(R) Management Engine Components\DAL;C:\Program Files (x86)\Intel\Intel(R) Management Engine Components\IPT;C:\Program Files\Intel\Intel(R) Management Engine Components\IPT;C:\WINDOWS\System32\OpenSSH\;C:\Program Files\Git\cmd;C:\Program Files\nodejs\;C:\ProgramData\chocolatey\bin;C:\Program Files\Docker\Docker\resources\bin;C:\ProgramData\DockerDesktop\version-bin;"C:\Program Files\Java\jdk-19"\bin;C:\Python310\python.exe;C:\Program Files\MySQL\MySQL Shell 8.0\bin\;C:\Users\HR\AppData\Local\Microsoft\WindowsApps;C:\Users\HR\AppData\Local\Programs\MiKTeX\miktex\bin\x64\;C:\Users\HR\AppData\Local\GitHubDesktop\bin;C:\Program Files\JetBrains\PyCharm 2022.1.1\bin;C:\Program Files\JetBrains\DataSpell 2022.1.1\bin;C:\Users\HR\AppData\Roaming\npm;C:\Users\HR\AppData\Local\Programs\Microsoft VS Code\bin

Yarn version: 
  1.22.19

Node version: 
  18.4.0

Platform: 
  win32 x64

Trace: 
  Error: getaddrinfo ENOTFOUND registry.yarnpkg.com
      at GetAddrInfoReqWrap.onlookup [as oncomplete] (node:dns:84:26)

npm manifest: 
  {
    "name": "shopsmart",
    "version": "1.0.0",
    "main": "node_modules/expo/AppEntry.js",
    "scripts": {
      "start": "expo start",
      "android": "expo start --android",
      "ios": "expo start --ios",
      "web": "expo start --web"
    },
    "dependencies": {
      "expo": "~48.0.15",
      "expo-status-bar": "~1.4.4",
      "react": "18.2.0",
      "react-native": "0.71.7",
      "@bugsnag/expo": "^48.0.0",
      "@expo/config-plugins": "^6.0.1",
      "@react-native-async-storage/async-storage": "1.17.11",
      "@react-native-community/netinfo": "9.3.7",
      "@react-native-masked-view/masked-view": "0.2.8",
      "@react-navigation/bottom-tabs": "^6.5.7",
      "@react-navigation/drawer": "^6.6.2",
      "@react-navigation/material-top-tabs": "^6.6.2",
      "@react-navigation/native": "^6.1.6",
      "@react-navigation/native-stack": "^6.9.12",
      "@react-navigation/stack": "^6.3.16",
      "@reduxjs/toolkit": "^1.9.3",
      "@rneui/base": "^4.0.0-rc.7",
      "@rneui/themed": "^4.0.0-rc.7",
      "@use-expo/font": "^2.0.0",
      "add": "^2.0.6",
      "axios": "^1.3.4",
      "dotenv": "^16.0.3",
      "expo-application": "~5.1.1",
      "expo-constants": "~14.2.1",
      "expo-crypto": "~12.2.1",
      "expo-dev-client": "~2.2.1",
      "expo-device": "~5.2.1",
      "expo-file-system": "~15.2.2",
      "expo-font": "~11.1.1",
      "expo-secure-store": "~12.1.1",
      "expo-updates": "~0.16.4",
      "firebase": "^9.19.1",
      "prop-types": "^15.8.1",
      "react-is": "^18.2.0",
      "react-native-gesture-handler": "~2.9.0",
      "react-native-pager-view": "6.1.2",
      "react-native-paystack-webview": "^4.0.3",
      "react-native-reanimated": "~2.14.4",
      "react-native-safe-area-context": "4.5.0",
      "react-native-screens": "~3.20.0",
      "react-native-tab-view": "^3.5.1",
      "react-native-vector-icons": "^9.2.0",
      "react-native-webview": "11.26.0",
      "react-redux": "^8.0.5",
      "twrnc": "^3.6.0",
      "typescript": "^4.9.4"
    },
    "devDependencies": {
      "@babel/core": "^7.20.0"
    },
    "private": true
  }

yarn manifest: 
  No manifest

Lockfile: 
  No lockfile
